This file contains any messages produced by compilers while
running configure, to aid debugging if configure makes a mistake.

It was created by CLHEP Random configure 2.1.0.0, which was
generated by GNU Autoconf 2.59.  Invocation command line was

  $ ./configure --prefix=/home/local.isima.fr/digladieux/shared/Documents/TP_Ingenie_Model/TP2/Random

## --------- ##
## Platform. ##
## --------- ##

hostname = turing.local.isima.fr
uname -m = x86_64
uname -r = 5.2.11-100.fc29.x86_64
uname -s = Linux
uname -v = #1 SMP Thu Aug 29 12:52:22 UTC 2019

/usr/bin/uname -p = x86_64
/bin/uname -X     = unknown

/bin/arch              = x86_64
/usr/bin/arch -k       = unknown
/usr/convex/getsysinfo = unknown
hostinfo               = unknown
/bin/machine           = unknown
/usr/bin/oslevel       = unknown
/bin/universe          = unknown

PATH: /home/local.isima.fr/digladieux/.local/bin
PATH: /home/local.isima.fr/digladieux/bin
PATH: /usr/lib64/ccache
PATH: /usr/local/bin
PATH: /usr/bin
PATH: /usr/local/sbin
PATH: /usr/sbin
PATH: /opt/gradle-5.6.3/bin
PATH: /opt/gurobi/gurobi810/linux64/bin
PATH: /opt/netbeans/bin/


## ----------- ##
## Core tests. ##
## ----------- ##

configure:1315: checking build system type
configure:1333: result: x86_64-unknown-linux-gnu
configure:1341: checking host system type
configure:1355: result: x86_64-unknown-linux-gnu
configure:1363: checking target system type
configure:1377: result: x86_64-unknown-linux-gnu
configure:1406: checking for a BSD-compatible install
configure:1461: result: /usr/bin/install -c
configure:1472: checking whether build environment is sane
configure:1515: result: yes
configure:1580: checking for gawk
configure:1596: found /usr/bin/gawk
configure:1606: result: gawk
configure:1616: checking whether make sets $(MAKE)
configure:1636: result: yes
configure:1817: checking for a BSD-compatible install
configure:1872: result: /usr/bin/install -c
configure:1883: checking whether ln -s works
configure:1887: result: yes
configure:1935: checking for ranlib
configure:1951: found /usr/bin/ranlib
configure:1962: result: ranlib
configure:2157: checking for cl
configure:2186: result: no
configure:2157: checking for g++
configure:2173: found /usr/lib64/ccache/g++
configure:2183: result: g++
configure:2199: checking for C++ compiler version
configure:2202: g++ --version </dev/null >&5
g++ (GCC) 8.3.1 20190223 (Red Hat 8.3.1-2)
Copyright (C) 2018 Free Software Foundation, Inc.
This is free software; see the source for copying conditions.  There is NO
warranty; not even for MERCHANTABILITY or FITNESS FOR A PARTICULAR PURPOSE.

configure:2205: $? = 0
configure:2207: g++ -v </dev/null >&5
Using built-in specs.
COLLECT_GCC=/usr/bin/g++
COLLECT_LTO_WRAPPER=/usr/libexec/gcc/x86_64-redhat-linux/8/lto-wrapper
OFFLOAD_TARGET_NAMES=nvptx-none
OFFLOAD_TARGET_DEFAULT=1
Target: x86_64-redhat-linux
Configured with: ../configure --enable-bootstrap --enable-languages=c,c++,fortran,objc,obj-c++,ada,go,lto --prefix=/usr --mandir=/usr/share/man --infodir=/usr/share/info --with-bugurl=http://bugzilla.redhat.com/bugzilla --enable-shared --enable-threads=posix --enable-checking=release --enable-multilib --with-system-zlib --enable-__cxa_atexit --disable-libunwind-exceptions --enable-gnu-unique-object --enable-linker-build-id --with-gcc-major-version-only --with-linker-hash-style=gnu --enable-plugin --enable-initfini-array --with-isl --enable-libmpx --enable-offload-targets=nvptx-none --without-cuda-driver --enable-gnu-indirect-function --enable-cet --with-tune=generic --with-arch_32=i686 --build=x86_64-redhat-linux
Thread model: posix
gcc version 8.3.1 20190223 (Red Hat 8.3.1-2) (GCC) 
configure:2210: $? = 0
configure:2212: g++ -V </dev/null >&5
g++: error: unrecognized command line option '-V'
g++: fatal error: no input files
compilation terminated.
configure:2215: $? = 1
configure:2238: checking for C++ compiler default output file name
configure:2241: g++    conftest.cc  >&5
configure:2244: $? = 0
configure:2290: result: a.out
configure:2295: checking whether the C++ compiler works
configure:2301: ./a.out
configure:2304: $? = 0
configure:2321: result: yes
configure:2328: checking whether we are cross compiling
configure:2330: result: no
configure:2333: checking for suffix of executables
configure:2335: g++ -o conftest    conftest.cc  >&5
configure:2338: $? = 0
configure:2363: result: 
configure:2369: checking for suffix of object files
configure:2390: g++ -c   conftest.cc >&5
configure:2393: $? = 0
configure:2415: result: o
configure:2419: checking whether we are using the GNU C++ compiler
configure:2443: g++ -c   conftest.cc >&5
configure:2449: $? = 0
configure:2453: test -z 
			 || test ! -s conftest.err
configure:2456: $? = 0
configure:2459: test -s conftest.o
configure:2462: $? = 0
configure:2475: result: yes
configure:2481: checking whether g++ accepts -g
configure:2502: g++ -c -g  conftest.cc >&5
configure:2508: $? = 0
configure:2512: test -z 
			 || test ! -s conftest.err
configure:2515: $? = 0
configure:2518: test -s conftest.o
configure:2521: $? = 0
configure:2532: result: yes
configure:2574: g++ -c -g -O2  conftest.cc >&5
configure:2580: $? = 0
configure:2584: test -z 
			 || test ! -s conftest.err
configure:2587: $? = 0
configure:2590: test -s conftest.o
configure:2593: $? = 0
configure:2619: g++ -c -g -O2  conftest.cc >&5
conftest.cc: In function 'int main()':
conftest.cc:15:1: error: 'exit' was not declared in this scope
 exit (42);
 ^~~~
configure:2625: $? = 1
configure: failed program was:
| /* confdefs.h.  */
| 
| #define PACKAGE_NAME "CLHEP Random"
| #define PACKAGE_TARNAME "Random"
| #define PACKAGE_VERSION "2.1.0.0"
| #define PACKAGE_STRING "CLHEP Random 2.1.0.0"
| #define PACKAGE_BUGREPORT "http://savannah.cern.ch/projects/clhep/"
| #define PACKAGE "Random"
| #define VERSION "2.1.0.0"
| /* end confdefs.h.  */
| 
| int
| main ()
| {
| exit (42);
|   ;
|   return 0;
| }
configure:2574: g++ -c -g -O2  conftest.cc >&5
configure:2580: $? = 0
configure:2584: test -z 
			 || test ! -s conftest.err
configure:2587: $? = 0
configure:2590: test -s conftest.o
configure:2593: $? = 0
configure:2619: g++ -c -g -O2  conftest.cc >&5
configure:2625: $? = 0
configure:2629: test -z 
			 || test ! -s conftest.err
configure:2632: $? = 0
configure:2635: test -s conftest.o
configure:2638: $? = 0
configure:2672: checking for style of include used by make
configure:2700: result: GNU
configure:2728: checking dependency style of g++
configure:2818: result: gcc3
configure:2851: checking how to run the C++ preprocessor
configure:2882: g++ -E  conftest.cc
configure:2888: $? = 0
configure:2920: g++ -E  conftest.cc
conftest.cc:14:10: fatal error: ac_nonexistent.h: No such file or directory
 #include <ac_nonexistent.h>
          ^~~~~~~~~~~~~~~~~~
compilation terminated.
configure:2926: $? = 1
configure: failed program was:
| /* confdefs.h.  */
| 
| #define PACKAGE_NAME "CLHEP Random"
| #define PACKAGE_TARNAME "Random"
| #define PACKAGE_VERSION "2.1.0.0"
| #define PACKAGE_STRING "CLHEP Random 2.1.0.0"
| #define PACKAGE_BUGREPORT "http://savannah.cern.ch/projects/clhep/"
| #define PACKAGE "Random"
| #define VERSION "2.1.0.0"
| #ifdef __cplusplus
| extern "C" void std::exit (int) throw (); using std::exit;
| #endif
| /* end confdefs.h.  */
| #include <ac_nonexistent.h>
configure:2965: result: g++ -E
configure:2989: g++ -E  conftest.cc
configure:2995: $? = 0
configure:3027: g++ -E  conftest.cc
conftest.cc:14:10: fatal error: ac_nonexistent.h: No such file or directory
 #include <ac_nonexistent.h>
          ^~~~~~~~~~~~~~~~~~
compilation terminated.
configure:3033: $? = 1
configure: failed program was:
| /* confdefs.h.  */
| 
| #define PACKAGE_NAME "CLHEP Random"
| #define PACKAGE_TARNAME "Random"
| #define PACKAGE_VERSION "2.1.0.0"
| #define PACKAGE_STRING "CLHEP Random 2.1.0.0"
| #define PACKAGE_BUGREPORT "http://savannah.cern.ch/projects/clhep/"
| #define PACKAGE "Random"
| #define VERSION "2.1.0.0"
| #ifdef __cplusplus
| extern "C" void std::exit (int) throw (); using std::exit;
| #endif
| /* end confdefs.h.  */
| #include <ac_nonexistent.h>
configure:3257: checking for drand48
configure:3314: g++ -o conftest -g -O2   conftest.cc  >&5
configure:3320: $? = 0
configure:3324: test -z 
			 || test ! -s conftest.err
configure:3327: $? = 0
configure:3330: test -s conftest
configure:3333: $? = 0
configure:3345: result: yes
configure:3490: creating ./config.status

## ---------------------- ##
## Running config.status. ##
## ---------------------- ##

This file was extended by CLHEP Random config.status 2.1.0.0, which was
generated by GNU Autoconf 2.59.  Invocation command line was

  CONFIG_FILES    = 
  CONFIG_HEADERS  = 
  CONFIG_LINKS    = 
  CONFIG_COMMANDS = 
  $ ./config.status 

on turing.local.isima.fr

config.status:735: creating Makefile
config.status:735: creating Random/Makefile
config.status:735: creating src/Makefile
config.status:735: creating doc/Makefile
config.status:735: creating test/Makefile
config.status:735: creating Random-deps
config.status:735: creating Random/copy-header.pl
config.status:735: creating Random-config
config.status:735: creating test/testRandDists.sh
config.status:735: creating test/testRandom.sh
config.status:735: creating test/gaussSmall.sh
config.status:735: creating test/gaussSpeed.sh
config.status:848: creating Random/defs.h
config.status:936: Random/defs.h is unchanged
config.status:1116: executing depfiles commands

## ---------------- ##
## Cache variables. ##
## ---------------- ##

ac_cv_build=x86_64-unknown-linux-gnu
ac_cv_build_alias=x86_64-unknown-linux-gnu
ac_cv_cxx_compiler_gnu=yes
ac_cv_env_CPPFLAGS_set=
ac_cv_env_CPPFLAGS_value=
ac_cv_env_CXXCPP_set=
ac_cv_env_CXXCPP_value=
ac_cv_env_CXXFLAGS_set=
ac_cv_env_CXXFLAGS_value=
ac_cv_env_CXX_set=
ac_cv_env_CXX_value=
ac_cv_env_LDFLAGS_set=
ac_cv_env_LDFLAGS_value=
ac_cv_env_build_alias_set=
ac_cv_env_build_alias_value=
ac_cv_env_host_alias_set=
ac_cv_env_host_alias_value=
ac_cv_env_target_alias_set=
ac_cv_env_target_alias_value=
ac_cv_exeext=
ac_cv_func_drand48=yes
ac_cv_host=x86_64-unknown-linux-gnu
ac_cv_host_alias=x86_64-unknown-linux-gnu
ac_cv_objext=o
ac_cv_path_install='/usr/bin/install -c'
ac_cv_prog_AWK=gawk
ac_cv_prog_CXXCPP='g++ -E'
ac_cv_prog_ac_ct_CXX=g++
ac_cv_prog_ac_ct_RANLIB=ranlib
ac_cv_prog_cxx_g=yes
ac_cv_prog_make_make_set=yes
ac_cv_target=x86_64-unknown-linux-gnu
ac_cv_target_alias=x86_64-unknown-linux-gnu
am_cv_CXX_dependencies_compiler_type=gcc3

## ----------------- ##
## Output variables. ##
## ----------------- ##

ACLOCAL='${SHELL} /home/local.isima.fr/digladieux/shared/Documents/TP_Ingenie_Model/TP2/Random/autotools/missing --run aclocal-1.9'
AMDEPBACKSLASH='\'
AMDEP_FALSE='#'
AMDEP_TRUE=''
AMTAR='${SHELL} /home/local.isima.fr/digladieux/shared/Documents/TP_Ingenie_Model/TP2/Random/autotools/missing --run tar'
AM_CXXFLAGS='-O -Wall -D_GNU_SOURCE'
AM_LDFLAGS=''
AR='ar'
ARFLAGS='cru'
AUTOCONF='${SHELL} /home/local.isima.fr/digladieux/shared/Documents/TP_Ingenie_Model/TP2/Random/autotools/missing --run autoconf'
AUTOHEADER='${SHELL} /home/local.isima.fr/digladieux/shared/Documents/TP_Ingenie_Model/TP2/Random/autotools/missing --run autoheader'
AUTOMAKE='${SHELL} /home/local.isima.fr/digladieux/shared/Documents/TP_Ingenie_Model/TP2/Random/autotools/missing --run automake-1.9'
AWK='gawk'
BUILD_SHARED_FALSE='#'
BUILD_SHARED_TRUE=''
BUILD_STATIC_FALSE='#'
BUILD_STATIC_TRUE=''
COPY_P='cp -p'
CPPFLAGS=''
CXX='g++'
CXXCPP='g++ -E'
CXXDEPMODE='depmode=gcc3'
CXXFLAGS='-g -O2'
CYGPATH_W='echo'
DEFS='-DHAVE_CONFIG_H'
DEPDIR='.deps'
DIFF_Q='diff -q -b'
ECHO_C=''
ECHO_N='-n'
ECHO_T=''
EXEEXT=''
INSTALL_DATA='${INSTALL} -m 644'
INSTALL_PROGRAM='${INSTALL}'
INSTALL_SCRIPT='${INSTALL}'
INSTALL_STRIP_PROGRAM='${SHELL} $(install_sh) -c -s'
LDFLAGS=''
LIBOBJS=''
LIBS=''
LN_S='ln -s'
LTLIBOBJS=''
MAKEINFO='${SHELL} /home/local.isima.fr/digladieux/shared/Documents/TP_Ingenie_Model/TP2/Random/autotools/missing --run makeinfo'
MY_LD='-Wl,--rpath -Wl,'
MY_SHFLAGS='-fPIC -DPIC'
MY_SHLINK='-shared'
MY_SHNAME='-Wl,-soname,'
OBJEXT='o'
PACKAGE='Random'
PACKAGE_BUGREPORT='http://savannah.cern.ch/projects/clhep/'
PACKAGE_NAME='CLHEP Random'
PACKAGE_STRING='CLHEP Random 2.1.0.0'
PACKAGE_TARNAME='Random'
PACKAGE_VERSION='2.1.0.0'
PATH_SEPARATOR=':'
RANLIB='ranlib'
Random_CPPFLAGS='-I${prefix}/include'
Random_LDFLAGS='-L${exec_prefix}/lib'
Random_LIBS='-lCLHEP-Random-2.1.0.0'
SET_MAKE=''
SHELL='/bin/sh'
SHEXT='so'
STRIP=''
TARGET='x86_64-unknown-linux-gnu'
USE_GMAKE_FALSE=''
USE_GMAKE_TRUE='#'
VERSION='2.1.0.0'
ac_ct_CXX='g++'
ac_ct_RANLIB='ranlib'
ac_ct_STRIP=''
am__fastdepCXX_FALSE='#'
am__fastdepCXX_TRUE=''
am__include='include'
am__leading_dot='.'
am__quote=''
am__tar='${AMTAR} chof - "$$tardir"'
am__untar='${AMTAR} xf -'
bindir='${exec_prefix}/bin'
build='x86_64-unknown-linux-gnu'
build_alias=''
build_cpu='x86_64'
build_os='linux-gnu'
build_vendor='unknown'
datadir='${prefix}/share'
exec_prefix='${prefix}'
host='x86_64-unknown-linux-gnu'
host_alias=''
host_cpu='x86_64'
host_os='linux-gnu'
host_vendor='unknown'
includedir='${prefix}/include'
infodir='${prefix}/info'
install_sh='/home/local.isima.fr/digladieux/shared/Documents/TP_Ingenie_Model/TP2/Random/autotools/install-sh'
libdir='${exec_prefix}/lib'
libexecdir='${exec_prefix}/libexec'
localstatedir='${prefix}/var'
mandir='${prefix}/man'
mkdir_p='mkdir -p --'
oldincludedir='/usr/include'
prefix='/home/local.isima.fr/digladieux/shared/Documents/TP_Ingenie_Model/TP2/Random'
program_transform_name='s,x,x,'
sbindir='${exec_prefix}/sbin'
sharedstatedir='${prefix}/com'
sysconfdir='${prefix}/etc'
target='x86_64-unknown-linux-gnu'
target_alias=''
target_cpu='x86_64'
target_os='linux-gnu'
target_vendor='unknown'

## ----------- ##
## confdefs.h. ##
## ----------- ##

#define HAVE_DRAND48 1
#define PACKAGE "Random"
#define PACKAGE_BUGREPORT "http://savannah.cern.ch/projects/clhep/"
#define PACKAGE_NAME "CLHEP Random"
#define PACKAGE_STRING "CLHEP Random 2.1.0.0"
#define PACKAGE_TARNAME "Random"
#define PACKAGE_VERSION "2.1.0.0"
#define VERSION "2.1.0.0"
#endif
#ifdef __cplusplus
extern "C" void std::exit (int) throw (); using std::exit;

configure: exit 0
